<?xml version="1.0" encoding="UTF-8"?>
<testsuite xmlns:xsi="http://www.w3.org/2001/XMLSchema-instance" xsi:noNamespaceSchemaLocation="https://maven.apache.org/surefire/maven-surefire-plugin/xsd/surefire-test-report-3.0.xsd" version="3.0" name="DiagonalWalkTest" time="0.017" tests="4" errors="0" skipped="0" failures="0">
  <properties>
[...]
</properties>
  <testcase name="testMoveUpLeftX" classname="DiagonalWalkTest" time="0.003">
    <system-out><![CDATA[Charging error!
]]></system-out>
  </testcase>
  <testcase name="testMoveUpLeftY" classname="DiagonalWalkTest" time="0.003">
    <system-out><![CDATA[Charging error!
]]></system-out>
  </testcase>
  <testcase name="testMoveDownRightX" classname="DiagonalWalkTest" time="0.002">
    <system-out><![CDATA[Charging error!
]]></system-out>
  </testcase>
  <testcase name="testMoveDownRightY" classname="DiagonalWalkTest" time="0.003">
    <system-out><![CDATA[Charging error!
]]></system-out>
  </testcase>
</testsuite>